<?xml version="1.0" encoding="UTF-8"?>
<!-- Generated by org.testng.reporters.JUnitReportReporter -->
<testsuite hostname="Nisha_Khatiwada" failures="0" tests="1" name="com.webdriveruniversity.test.TodoList" time="7.973" errors="0" timestamp="2024-01-31T19:28:21 EST" skipped="0">
  <testcase classname="com.webdriveruniversity.test.TodoList" name="checkingTodolist" time="7.973"/>
  <system-out/>
</testsuite> <!-- com.webdriveruniversity.test.TodoList -->
