<?xml version="1.0" encoding="UTF-8"?>
<!-- Generated by org.testng.reporters.JUnitReportReporter -->
<testsuite hostname="Nisha_Khatiwada" failures="0" tests="1" name="com.webdriveruniversity.test.ContactUs" time="9.475" errors="0" timestamp="2024-01-30T13:00:14 EST" skipped="0">
  <testcase classname="com.webdriveruniversity.test.ContactUs" name="clickContact" time="9.475"/>
  <system-out/>
</testsuite> <!-- com.webdriveruniversity.test.ContactUs -->
